Wed Mar 06 14:26:08 CET 2019
MaxEnt version 3.4.1
Reading file absence
readGrid: max memory 477626368, total allocated 266338304, free 129720488, used 136617816, increment 33690088
Reading samples from presence
Read samples: max memory 477626368, total allocated 266338304, free 123970360, used 142367944, increment 5750128
Adding samples to background in feature space
Command line used:  autorun -e MaxEntOutput/Anaesthetics_simplelandcover/absence -o MaxEntOutput/Anaesthetics_simplelandcover -s MaxEntOutput/Anaesthetics_simplelandcover/presence -z betamultiplier=0.5 linear=TRUE quadratic=TRUE hinge=FALSE threshold=FALSE product=FALSE -P -J replicates=5
Command line to repeat: java density.MaxEnt nowarnings noprefixes responsecurves jackknife outputdirectory=MaxEntOutput/Anaesthetics_simplelandcover samplesfile=MaxEntOutput/Anaesthetics_simplelandcover/presence environmentallayers=MaxEntOutput/Anaesthetics_simplelandcover/absence betamultiplier=0.5 replicates=5 noproduct nohinge autorun novisible noprefixes -t simplelc2000
Species: species_0 species_1 species_2 species_3 species_4
Layers: bio16 bio4 gpw2000_30_sec simplelc2000
Layertypes: Continuous Continuous Continuous Categorical
responsecurves: true
jackknife: true
outputdirectory: MaxEntOutput/Anaesthetics_simplelandcover
samplesfile: MaxEntOutput/Anaesthetics_simplelandcover/presence
environmentallayers: MaxEntOutput/Anaesthetics_simplelandcover/absence
betamultiplier: 0.5
replicates: 5
product: false
hinge: false
autorun: true
visible: false
prefixes: false

getSamples: max memory 477626368, total allocated 266338304, free 121078920, used 145259384, increment 2891440
Making features
makeFeatures: max memory 477626368, total allocated 266338304, free 121078920, used 145259384, increment 0
species_0: 
Regularization values: linear/quadratic/product: 0.050, categorical: 0.250, threshold: 1.000, hinge: 0.500
195 samples
Density: max memory 477626368, total allocated 266338304, free 121078920, used 145259384, increment 0
linearPredictor: max memory 477626368, total allocated 266338304, free 121078920, used 145259384, increment 0
FeaturedSpace: max memory 477626368, total allocated 266338304, free 121078920, used 145259384, increment 0
Sequential: max memory 477626368, total allocated 266338304, free 121078920, used 145259384, increment 0
Initial loss: 7.661527081358517
Initial test loss: 7.661527081358517
240: time = 0.122000 loss = 7.610833 testLoss 7.645964
Resulting gain: 0.050694202133852784
Projecting...
Writing file MaxEntOutput\Anaesthetics_simplelandcover\species_0.csv
species_0 response curves
Response curve: only bio16
Making features
makeFeatures: max memory 477626368, total allocated 266338304, free 90750464, used 175587840, increment 30328456
species_0 bio16: 
Regularization values: linear/quadratic/product: 0.050, categorical: 0.250, threshold: 1.000, hinge: 0.500
195 samples
Density: max memory 477626368, total allocated 266338304, free 90750464, used 175587840, increment 0
linearPredictor: max memory 477626368, total allocated 266338304, free 90750464, used 175587840, increment 0
FeaturedSpace: max memory 477626368, total allocated 266338304, free 90750464, used 175587840, increment 0
Sequential: max memory 477626368, total allocated 266338304, free 90750464, used 175587840, increment 0
Initial loss: 7.661527081358517
60: time = 0.048000 loss = 7.656623
Resulting gain: 0.0049038905081602024
species_0 response curves
Response curve: only bio4
Making features
makeFeatures: max memory 477626368, total allocated 266338304, free 86912992, used 179425312, increment 3837472
species_0 bio4: 
Regularization values: linear/quadratic/product: 0.050, categorical: 0.250, threshold: 1.000, hinge: 0.500
195 samples
Density: max memory 477626368, total allocated 266338304, free 86912992, used 179425312, increment 0
linearPredictor: max memory 477626368, total allocated 266338304, free 86912992, used 179425312, increment 0
FeaturedSpace: max memory 477626368, total allocated 266338304, free 86912992, used 179425312, increment 0
Sequential: max memory 477626368, total allocated 266338304, free 86912992, used 179425312, increment 0
Initial loss: 7.661527081358517
60: time = 0.076000 loss = 7.661196
Resulting gain: 3.312905389352139E-4
species_0 response curves
Time since start: 1.001
Response curve: only gpw2000_30_sec
Making features
makeFeatures: max memory 477626368, total allocated 266338304, free 83075520, used 183262784, increment 3837472
species_0 gpw2000_30_sec: 
Regularization values: linear/quadratic/product: 0.050, categorical: 0.250, threshold: 1.000, hinge: 0.500
195 samples
Density: max memory 477626368, total allocated 266338304, free 83075520, used 183262784, increment 0
linearPredictor: max memory 477626368, total allocated 266338304, free 83075520, used 183262784, increment 0
FeaturedSpace: max memory 477626368, total allocated 266338304, free 83075520, used 183262784, increment 0
Sequential: max memory 477626368, total allocated 266338304, free 83075520, used 183262784, increment 0
Initial loss: 7.661527081358517
120: time = 0.075000 loss = 7.630203
Resulting gain: 0.03132418954648575
species_0 response curves
Response curve: only simplelc2000
Making features
makeFeatures: max memory 477626368, total allocated 266338304, free 79238048, used 187100256, increment 3837472
species_0 simplelc2000: 
Regularization values: linear/quadratic/product: 0.050, categorical: 0.250, threshold: 1.000, hinge: 0.500
195 samples
Density: max memory 477626368, total allocated 266338304, free 79238048, used 187100256, increment 0
linearPredictor: max memory 477626368, total allocated 266338304, free 79238048, used 187100256, increment 0
FeaturedSpace: max memory 477626368, total allocated 266338304, free 79238048, used 187100256, increment 0
Sequential: max memory 477626368, total allocated 266338304, free 79238048, used 187100256, increment 0
Initial loss: 7.661527081358517
80: time = 0.039000 loss = 7.625885
Resulting gain: 0.035641979283428604
species_0 response curves
Jackknife: leave bio16 out
Making features
makeFeatures: max memory 477626368, total allocated 266338304, free 70610472, used 195727832, increment 8627576
species_0 bio16: 
Regularization values: linear/quadratic/product: 0.050, categorical: 0.250, threshold: 1.000, hinge: 0.500
195 samples
Density: max memory 477626368, total allocated 266338304, free 70610472, used 195727832, increment 0
linearPredictor: max memory 477626368, total allocated 266338304, free 70610472, used 195727832, increment 0
FeaturedSpace: max memory 477626368, total allocated 266338304, free 70610472, used 195727832, increment 0
Sequential: max memory 477626368, total allocated 266338304, free 70610472, used 195727832, increment 0
Initial loss: 7.661527081358517
Initial test loss: 7.661527081358517
120: time = 0.062000 loss = 7.615321 testLoss 7.659556
Jackknife: leave bio4 out
Making features
makeFeatures: max memory 477626368, total allocated 266338304, free 70610472, used 195727832, increment 0
species_0 bio4: 
Regularization values: linear/quadratic/product: 0.050, categorical: 0.250, threshold: 1.000, hinge: 0.500
195 samples
Density: max memory 477626368, total allocated 266338304, free 70610472, used 195727832, increment 0
linearPredictor: max memory 477626368, total allocated 266338304, free 70610472, used 195727832, increment 0
FeaturedSpace: max memory 477626368, total allocated 266338304, free 70610472, used 195727832, increment 0
Sequential: max memory 477626368, total allocated 266338304, free 70610472, used 195727832, increment 0
Initial loss: 7.661527081358517
Initial test loss: 7.661527081358517
120: time = 0.059000 loss = 7.613037 testLoss 7.634673
Jackknife: leave gpw2000_30_sec out
Making features
makeFeatures: max memory 477626368, total allocated 266338304, free 70610472, used 195727832, increment 0
species_0 gpw2000_30_sec: 
Regularization values: linear/quadratic/product: 0.050, categorical: 0.250, threshold: 1.000, hinge: 0.500
195 samples
Density: max memory 477626368, total allocated 266338304, free 67735432, used 198602872, increment 2875040
linearPredictor: max memory 477626368, total allocated 266338304, free 67735432, used 198602872, increment 0
FeaturedSpace: max memory 477626368, total allocated 266338304, free 67735432, used 198602872, increment 0
Sequential: max memory 477626368, total allocated 266338304, free 67735432, used 198602872, increment 0
Initial loss: 7.661527081358517
Initial test loss: 7.661527081358517
160: time = 0.091000 loss = 7.619548 testLoss 7.651814
Jackknife: leave simplelc2000 out
Making features
makeFeatures: max memory 477626368, total allocated 266338304, free 67735432, used 198602872, increment 0
species_0 simplelc2000: 
Regularization values: linear/quadratic/product: 0.050, categorical: 0.250, threshold: 1.000, hinge: 0.500
195 samples
Density: max memory 477626368, total allocated 266338304, free 67735432, used 198602872, increment 0
linearPredictor: max memory 477626368, total allocated 266338304, free 67735432, used 198602872, increment 0
FeaturedSpace: max memory 477626368, total allocated 266338304, free 67735432, used 198602872, increment 0
Sequential: max memory 477626368, total allocated 266338304, free 67735432, used 198602872, increment 0
Initial loss: 7.661527081358517
Initial test loss: 7.661527081358517
260: time = 0.124000 loss = 7.626312 testLoss 7.630963
Jackknife: only bio16
Making features
makeFeatures: max memory 477626368, total allocated 266338304, free 67735432, used 198602872, increment 0
species_0 bio16: 
Regularization values: linear/quadratic/product: 0.050, categorical: 0.250, threshold: 1.000, hinge: 0.500
195 samples
Density: max memory 477626368, total allocated 266338304, free 67735432, used 198602872, increment 0
linearPredictor: max memory 477626368, total allocated 266338304, free 67735432, used 198602872, increment 0
FeaturedSpace: max memory 477626368, total allocated 266338304, free 67735432, used 198602872, increment 0
Sequential: max memory 477626368, total allocated 266338304, free 67735432, used 198602872, increment 0
Initial loss: 7.661527081358517
Initial test loss: 7.661527081358517
60: time = 0.052000 loss = 7.656623 testLoss 7.651256
Res.gain: 0.0049038905081602024
Jackknife: only bio4
Making features
makeFeatures: max memory 477626368, total allocated 266338304, free 67735432, used 198602872, increment 0
species_0 bio4: 
Regularization values: linear/quadratic/product: 0.050, categorical: 0.250, threshold: 1.000, hinge: 0.500
195 samples
Density: max memory 477626368, total allocated 266338304, free 67735432, used 198602872, increment 0
linearPredictor: max memory 477626368, total allocated 266338304, free 67735432, used 198602872, increment 0
FeaturedSpace: max memory 477626368, total allocated 266338304, free 67735432, used 198602872, increment 0
Sequential: max memory 477626368, total allocated 266338304, free 67735432, used 198602872, increment 0
Initial loss: 7.661527081358517
Initial test loss: 7.661527081358517
60: time = 0.063000 loss = 7.661196 testLoss 7.650367
Res.gain: 3.312905389352139E-4
Jackknife: only gpw2000_30_sec
Making features
makeFeatures: max memory 477626368, total allocated 266338304, free 67735432, used 198602872, increment 0
species_0 gpw2000_30_sec: 
Regularization values: linear/quadratic/product: 0.050, categorical: 0.250, threshold: 1.000, hinge: 0.500
195 samples
Density: max memory 477626368, total allocated 266338304, free 67735432, used 198602872, increment 0
linearPredictor: max memory 477626368, total allocated 266338304, free 67735432, used 198602872, increment 0
FeaturedSpace: max memory 477626368, total allocated 266338304, free 67735432, used 198602872, increment 0
Sequential: max memory 477626368, total allocated 266338304, free 67735432, used 198602872, increment 0
Initial loss: 7.661527081358517
Initial test loss: 7.661527081358517
120: time = 0.079000 loss = 7.630203 testLoss 7.647163
Res.gain: 0.03132418954648575
Jackknife: only simplelc2000
Making features
makeFeatures: max memory 477626368, total allocated 266338304, free 67735432, used 198602872, increment 0
species_0 simplelc2000: 
Regularization values: linear/quadratic/product: 0.050, categorical: 0.250, threshold: 1.000, hinge: 0.500
195 samples
Density: max memory 477626368, total allocated 266338304, free 67735432, used 198602872, increment 0
linearPredictor: max memory 477626368, total allocated 266338304, free 67735432, used 198602872, increment 0
FeaturedSpace: max memory 477626368, total allocated 266338304, free 67735432, used 198602872, increment 0
Sequential: max memory 477626368, total allocated 266338304, free 67735432, used 198602872, increment 0
Initial loss: 7.661527081358517
Initial test loss: 7.661527081358517
80: time = 0.039000 loss = 7.625885 testLoss 7.653890
Res.gain: 0.035641979283428604
Time since start: 2.042
getSamples: max memory 477626368, total allocated 266338304, free 61391704, used 204946600, increment 6343728
Making features
makeFeatures: max memory 477626368, total allocated 266338304, free 61391704, used 204946600, increment 0
species_1: 
Regularization values: linear/quadratic/product: 0.050, categorical: 0.250, threshold: 1.000, hinge: 0.500
195 samples
Density: max memory 477626368, total allocated 266338304, free 61391704, used 204946600, increment 0
linearPredictor: max memory 477626368, total allocated 266338304, free 61391704, used 204946600, increment 0
FeaturedSpace: max memory 477626368, total allocated 266338304, free 61391704, used 204946600, increment 0
Sequential: max memory 477626368, total allocated 266338304, free 61391704, used 204946600, increment 0
Initial loss: 7.6638772587034705
Initial test loss: 7.6638772587034705
240: time = 0.142000 loss = 7.606483 testLoss 7.678716
Resulting gain: 0.057394348187831845
Projecting...
Writing file MaxEntOutput\Anaesthetics_simplelandcover\species_1.csv
species_1 response curves
Response curve: only bio16
Making features
makeFeatures: max memory 477626368, total allocated 266338304, free 31055912, used 235282392, increment 30335792
species_1 bio16: 
Regularization values: linear/quadratic/product: 0.050, categorical: 0.250, threshold: 1.000, hinge: 0.500
195 samples
Density: max memory 477626368, total allocated 266338304, free 31055912, used 235282392, increment 0
linearPredictor: max memory 477626368, total allocated 266338304, free 31055912, used 235282392, increment 0
FeaturedSpace: max memory 477626368, total allocated 266338304, free 31055912, used 235282392, increment 0
Sequential: max memory 477626368, total allocated 266338304, free 31055912, used 235282392, increment 0
Initial loss: 7.6638772587034705
60: time = 0.050000 loss = 7.653556
Resulting gain: 0.010321484165844552
species_1 response curves
Response curve: only bio4
Making features
makeFeatures: max memory 477626368, total allocated 266338304, free 27619552, used 238718752, increment 3436360
species_1 bio4: 
Regularization values: linear/quadratic/product: 0.050, categorical: 0.250, threshold: 1.000, hinge: 0.500
195 samples
Density: max memory 477626368, total allocated 266338304, free 27619552, used 238718752, increment 0
linearPredictor: max memory 477626368, total allocated 266338304, free 27619552, used 238718752, increment 0
FeaturedSpace: max memory 477626368, total allocated 266338304, free 27619552, used 238718752, increment 0
Sequential: max memory 477626368, total allocated 266338304, free 27619552, used 238718752, increment 0
Initial loss: 7.6638772587034705
60: time = 0.055000 loss = 7.656081
Resulting gain: 0.007795916334468522
species_1 response curves
Time since start: 3.048
Response curve: only gpw2000_30_sec
Making features
makeFeatures: max memory 477626368, total allocated 266338304, free 167668832, used 98669472, increment -140049280
species_1 gpw2000_30_sec: 
Regularization values: linear/quadratic/product: 0.050, categorical: 0.250, threshold: 1.000, hinge: 0.500
195 samples
Density: max memory 477626368, total allocated 266338304, free 167668832, used 98669472, increment 0
linearPredictor: max memory 477626368, total allocated 266338304, free 167668832, used 98669472, increment 0
FeaturedSpace: max memory 477626368, total allocated 266338304, free 167668832, used 98669472, increment 0
Sequential: max memory 477626368, total allocated 266338304, free 167668832, used 98669472, increment 0
Initial loss: 7.6638772587034705
100: time = 0.080000 loss = 7.630340
Resulting gain: 0.03353713580919315
species_1 response curves
Response curve: only simplelc2000
Making features
makeFeatures: max memory 477626368, total allocated 266338304, free 162062296, used 104276008, increment 5606536
species_1 simplelc2000: 
Regularization values: linear/quadratic/product: 0.050, categorical: 0.250, threshold: 1.000, hinge: 0.500
195 samples
Density: max memory 477626368, total allocated 266338304, free 162062296, used 104276008, increment 0
linearPredictor: max memory 477626368, total allocated 266338304, free 162062296, used 104276008, increment 0
FeaturedSpace: max memory 477626368, total allocated 266338304, free 162062296, used 104276008, increment 0
Sequential: max memory 477626368, total allocated 266338304, free 162062296, used 104276008, increment 0
Initial loss: 7.6638772587034705
80: time = 0.029000 loss = 7.627797
Resulting gain: 0.03608020811494139
species_1 response curves
Jackknife: leave bio16 out
Making features
makeFeatures: max memory 477626368, total allocated 266338304, free 153653512, used 112684792, increment 8408784
species_1 bio16: 
Regularization values: linear/quadratic/product: 0.050, categorical: 0.250, threshold: 1.000, hinge: 0.500
195 samples
Density: max memory 477626368, total allocated 266338304, free 153653512, used 112684792, increment 0
linearPredictor: max memory 477626368, total allocated 266338304, free 153653512, used 112684792, increment 0
FeaturedSpace: max memory 477626368, total allocated 266338304, free 153653512, used 112684792, increment 0
Sequential: max memory 477626368, total allocated 266338304, free 153653512, used 112684792, increment 0
Initial loss: 7.6638772587034705
Initial test loss: 7.6638772587034705
160: time = 0.073000 loss = 7.613906 testLoss 7.671662
Jackknife: leave bio4 out
Making features
makeFeatures: max memory 477626368, total allocated 266338304, free 153653512, used 112684792, increment 0
species_1 bio4: 
Regularization values: linear/quadratic/product: 0.050, categorical: 0.250, threshold: 1.000, hinge: 0.500
195 samples
Density: max memory 477626368, total allocated 266338304, free 153653512, used 112684792, increment 0
linearPredictor: max memory 477626368, total allocated 266338304, free 153653512, used 112684792, increment 0
FeaturedSpace: max memory 477626368, total allocated 266338304, free 153653512, used 112684792, increment 0
Sequential: max memory 477626368, total allocated 266338304, free 153653512, used 112684792, increment 0
Initial loss: 7.6638772587034705
Initial test loss: 7.6638772587034705
160: time = 0.079000 loss = 7.608308 testLoss 7.672811
Jackknife: leave gpw2000_30_sec out
Making features
makeFeatures: max memory 477626368, total allocated 266338304, free 153653512, used 112684792, increment 0
species_1 gpw2000_30_sec: 
Regularization values: linear/quadratic/product: 0.050, categorical: 0.250, threshold: 1.000, hinge: 0.500
195 samples
Density: max memory 477626368, total allocated 266338304, free 153653512, used 112684792, increment 0
linearPredictor: max memory 477626368, total allocated 266338304, free 153653512, used 112684792, increment 0
FeaturedSpace: max memory 477626368, total allocated 266338304, free 153653512, used 112684792, increment 0
Sequential: max memory 477626368, total allocated 266338304, free 153653512, used 112684792, increment 0
Initial loss: 7.6638772587034705
Initial test loss: 7.6638772587034705
120: time = 0.048000 loss = 7.616239 testLoss 7.673181
Jackknife: leave simplelc2000 out
Making features
makeFeatures: max memory 477626368, total allocated 266338304, free 153653512, used 112684792, increment 0
species_1 simplelc2000: 
Regularization values: linear/quadratic/product: 0.050, categorical: 0.250, threshold: 1.000, hinge: 0.500
195 samples
Density: max memory 477626368, total allocated 266338304, free 153653512, used 112684792, increment 0
linearPredictor: max memory 477626368, total allocated 266338304, free 153653512, used 112684792, increment 0
FeaturedSpace: max memory 477626368, total allocated 266338304, free 153653512, used 112684792, increment 0
Sequential: max memory 477626368, total allocated 266338304, free 153653512, used 112684792, increment 0
Initial loss: 7.6638772587034705
Initial test loss: 7.6638772587034705
240: time = 0.099000 loss = 7.617257 testLoss 7.681800
Jackknife: only bio16
Making features
makeFeatures: max memory 477626368, total allocated 266338304, free 153653512, used 112684792, increment 0
species_1 bio16: 
Regularization values: linear/quadratic/product: 0.050, categorical: 0.250, threshold: 1.000, hinge: 0.500
195 samples
Density: max memory 477626368, total allocated 266338304, free 153653512, used 112684792, increment 0
linearPredictor: max memory 477626368, total allocated 266338304, free 153653512, used 112684792, increment 0
FeaturedSpace: max memory 477626368, total allocated 266338304, free 153653512, used 112684792, increment 0
Sequential: max memory 477626368, total allocated 266338304, free 153653512, used 112684792, increment 0
Initial loss: 7.6638772587034705
Initial test loss: 7.6638772587034705
60: time = 0.048000 loss = 7.653556 testLoss 7.680132
Res.gain: 0.010321484165844552
Jackknife: only bio4
Making features
makeFeatures: max memory 477626368, total allocated 266338304, free 153653512, used 112684792, increment 0
species_1 bio4: 
Regularization values: linear/quadratic/product: 0.050, categorical: 0.250, threshold: 1.000, hinge: 0.500
195 samples
Density: max memory 477626368, total allocated 266338304, free 153653512, used 112684792, increment 0
linearPredictor: max memory 477626368, total allocated 266338304, free 153653512, used 112684792, increment 0
FeaturedSpace: max memory 477626368, total allocated 266338304, free 153653512, used 112684792, increment 0
Sequential: max memory 477626368, total allocated 266338304, free 153653512, used 112684792, increment 0
Initial loss: 7.6638772587034705
Initial test loss: 7.6638772587034705
60: time = 0.055000 loss = 7.656081 testLoss 7.668842
Res.gain: 0.007795916334468522
Jackknife: only gpw2000_30_sec
Making features
makeFeatures: max memory 477626368, total allocated 266338304, free 150851456, used 115486848, increment 2802056
species_1 gpw2000_30_sec: 
Regularization values: linear/quadratic/product: 0.050, categorical: 0.250, threshold: 1.000, hinge: 0.500
195 samples
Density: max memory 477626368, total allocated 266338304, free 150851456, used 115486848, increment 0
linearPredictor: max memory 477626368, total allocated 266338304, free 150851456, used 115486848, increment 0
FeaturedSpace: max memory 477626368, total allocated 266338304, free 150851456, used 115486848, increment 0
Sequential: max memory 477626368, total allocated 266338304, free 150851456, used 115486848, increment 0
Initial loss: 7.6638772587034705
Initial test loss: 7.6638772587034705
100: time = 0.081000 loss = 7.630340 testLoss 7.669143
Res.gain: 0.03353713580919315
Jackknife: only simplelc2000
Making features
makeFeatures: max memory 477626368, total allocated 266338304, free 150851456, used 115486848, increment 0
species_1 simplelc2000: 
Regularization values: linear/quadratic/product: 0.050, categorical: 0.250, threshold: 1.000, hinge: 0.500
195 samples
Density: max memory 477626368, total allocated 266338304, free 150851456, used 115486848, increment 0
linearPredictor: max memory 477626368, total allocated 266338304, free 150851456, used 115486848, increment 0
FeaturedSpace: max memory 477626368, total allocated 266338304, free 150851456, used 115486848, increment 0
Sequential: max memory 477626368, total allocated 266338304, free 150851456, used 115486848, increment 0
Initial loss: 7.6638772587034705
Initial test loss: 7.6638772587034705
80: time = 0.029000 loss = 7.627797 testLoss 7.656781
Res.gain: 0.03608020811494139
getSamples: max memory 477626368, total allocated 266338304, free 144653744, used 121684560, increment 6197712
Making features
makeFeatures: max memory 477626368, total allocated 266338304, free 144653744, used 121684560, increment 0
species_2: 
Regularization values: linear/quadratic/product: 0.050, categorical: 0.250, threshold: 1.000, hinge: 0.500
195 samples
Density: max memory 477626368, total allocated 266338304, free 144653744, used 121684560, increment 0
linearPredictor: max memory 477626368, total allocated 266338304, free 144653744, used 121684560, increment 0
Deactivating (simplelc2000=6.0)
FeaturedSpace: max memory 477626368, total allocated 266338304, free 144653744, used 121684560, increment 0
Sequential: max memory 477626368, total allocated 266338304, free 144653744, used 121684560, increment 0
Initial loss: 7.664346632098617
Initial test loss: 7.664346632098617
Time since start: 4.109
280: time = 0.114000 loss = 7.625069 testLoss 7.613221
Resulting gain: 0.03927736985534036
Projecting...
Writing file MaxEntOutput\Anaesthetics_simplelandcover\species_2.csv
species_2 response curves
Response curve: only bio16
Making features
makeFeatures: max memory 477626368, total allocated 266338304, free 115357712, used 150980592, increment 29296032
species_2 bio16: 
Regularization values: linear/quadratic/product: 0.050, categorical: 0.250, threshold: 1.000, hinge: 0.500
195 samples
Density: max memory 477626368, total allocated 266338304, free 115357712, used 150980592, increment 0
linearPredictor: max memory 477626368, total allocated 266338304, free 115357712, used 150980592, increment 0
FeaturedSpace: max memory 477626368, total allocated 266338304, free 115357712, used 150980592, increment 0
Sequential: max memory 477626368, total allocated 266338304, free 115357712, used 150980592, increment 0
Initial loss: 7.664346632098617
60: time = 0.049000 loss = 7.662645
Resulting gain: 0.0017019658671868498
species_2 response curves
Response curve: only bio4
Making features
makeFeatures: max memory 477626368, total allocated 266338304, free 111593248, used 154745056, increment 3764464
species_2 bio4: 
Regularization values: linear/quadratic/product: 0.050, categorical: 0.250, threshold: 1.000, hinge: 0.500
195 samples
Density: max memory 477626368, total allocated 266338304, free 111593248, used 154745056, increment 0
linearPredictor: max memory 477626368, total allocated 266338304, free 111593248, used 154745056, increment 0
FeaturedSpace: max memory 477626368, total allocated 266338304, free 111593248, used 154745056, increment 0
Sequential: max memory 477626368, total allocated 266338304, free 111593248, used 154745056, increment 0
Initial loss: 7.664346632098617
120: time = 0.049000 loss = 7.658318
Resulting gain: 0.006028499161829792
species_2 response curves
Response curve: only gpw2000_30_sec
Making features
makeFeatures: max memory 477626368, total allocated 266338304, free 107828784, used 158509520, increment 3764464
species_2 gpw2000_30_sec: 
Regularization values: linear/quadratic/product: 0.050, categorical: 0.250, threshold: 1.000, hinge: 0.500
195 samples
Density: max memory 477626368, total allocated 266338304, free 107828784, used 158509520, increment 0
linearPredictor: max memory 477626368, total allocated 266338304, free 107828784, used 158509520, increment 0
FeaturedSpace: max memory 477626368, total allocated 266338304, free 107828784, used 158509520, increment 0
Sequential: max memory 477626368, total allocated 266338304, free 107828784, used 158509520, increment 0
Initial loss: 7.664346632098617
120: time = 0.062000 loss = 7.639816
Resulting gain: 0.02453090771948485
species_2 response curves
Time since start: 5.15
Response curve: only simplelc2000
Making features
makeFeatures: max memory 477626368, total allocated 266338304, free 102222248, used 164116056, increment 5606536
species_2 simplelc2000: 
Regularization values: linear/quadratic/product: 0.050, categorical: 0.250, threshold: 1.000, hinge: 0.500
195 samples
Density: max memory 477626368, total allocated 266338304, free 102222248, used 164116056, increment 0
linearPredictor: max memory 477626368, total allocated 266338304, free 102222248, used 164116056, increment 0
Deactivating (simplelc2000=6.0)
FeaturedSpace: max memory 477626368, total allocated 266338304, free 102222248, used 164116056, increment 0
Sequential: max memory 477626368, total allocated 266338304, free 102222248, used 164116056, increment 0
Initial loss: 7.664346632098617
80: time = 0.034000 loss = 7.642632
Resulting gain: 0.021714208962692716
species_2 response curves
Jackknife: leave bio16 out
Making features
makeFeatures: max memory 477626368, total allocated 266338304, free 93813688, used 172524616, increment 8408560
species_2 bio16: 
Regularization values: linear/quadratic/product: 0.050, categorical: 0.250, threshold: 1.000, hinge: 0.500
195 samples
Density: max memory 477626368, total allocated 266338304, free 93813688, used 172524616, increment 0
linearPredictor: max memory 477626368, total allocated 266338304, free 93813688, used 172524616, increment 0
Deactivating (simplelc2000=6.0)
FeaturedSpace: max memory 477626368, total allocated 266338304, free 93813688, used 172524616, increment 0
Sequential: max memory 477626368, total allocated 266338304, free 93813688, used 172524616, increment 0
Initial loss: 7.664346632098617
Initial test loss: 7.664346632098617
260: time = 0.138000 loss = 7.629582 testLoss 7.626615
Jackknife: leave bio4 out
Making features
makeFeatures: max memory 477626368, total allocated 266338304, free 93813688, used 172524616, increment 0
species_2 bio4: 
Regularization values: linear/quadratic/product: 0.050, categorical: 0.250, threshold: 1.000, hinge: 0.500
195 samples
Density: max memory 477626368, total allocated 266338304, free 93813688, used 172524616, increment 0
linearPredictor: max memory 477626368, total allocated 266338304, free 93813688, used 172524616, increment 0
Deactivating (simplelc2000=6.0)
FeaturedSpace: max memory 477626368, total allocated 266338304, free 93813688, used 172524616, increment 0
Sequential: max memory 477626368, total allocated 266338304, free 93813688, used 172524616, increment 0
Initial loss: 7.664346632098617
Initial test loss: 7.664346632098617
160: time = 0.083000 loss = 7.629626 testLoss 7.600821
Jackknife: leave gpw2000_30_sec out
Making features
makeFeatures: max memory 477626368, total allocated 266338304, free 93813688, used 172524616, increment 0
species_2 gpw2000_30_sec: 
Regularization values: linear/quadratic/product: 0.050, categorical: 0.250, threshold: 1.000, hinge: 0.500
195 samples
Density: max memory 477626368, total allocated 266338304, free 93813688, used 172524616, increment 0
linearPredictor: max memory 477626368, total allocated 266338304, free 93813688, used 172524616, increment 0
Deactivating (simplelc2000=6.0)
FeaturedSpace: max memory 477626368, total allocated 266338304, free 93813688, used 172524616, increment 0
Sequential: max memory 477626368, total allocated 266338304, free 93813688, used 172524616, increment 0
Initial loss: 7.664346632098617
Initial test loss: 7.664346632098617
160: time = 0.063000 loss = 7.635734 testLoss 7.602796
Jackknife: leave simplelc2000 out
Making features
makeFeatures: max memory 477626368, total allocated 266338304, free 93813688, used 172524616, increment 0
species_2 simplelc2000: 
Regularization values: linear/quadratic/product: 0.050, categorical: 0.250, threshold: 1.000, hinge: 0.500
195 samples
Density: max memory 477626368, total allocated 266338304, free 93813688, used 172524616, increment 0
linearPredictor: max memory 477626368, total allocated 266338304, free 93813688, used 172524616, increment 0
FeaturedSpace: max memory 477626368, total allocated 266338304, free 93813688, used 172524616, increment 0
Sequential: max memory 477626368, total allocated 266338304, free 93813688, used 172524616, increment 0
Initial loss: 7.664346632098617
Initial test loss: 7.664346632098617
240: time = 0.102000 loss = 7.631517 testLoss 7.620636
Jackknife: only bio16
Making features
makeFeatures: max memory 477626368, total allocated 266338304, free 93813688, used 172524616, increment 0
species_2 bio16: 
Regularization values: linear/quadratic/product: 0.050, categorical: 0.250, threshold: 1.000, hinge: 0.500
195 samples
Density: max memory 477626368, total allocated 266338304, free 93813688, used 172524616, increment 0
linearPredictor: max memory 477626368, total allocated 266338304, free 93813688, used 172524616, increment 0
FeaturedSpace: max memory 477626368, total allocated 266338304, free 93813688, used 172524616, increment 0
Sequential: max memory 477626368, total allocated 266338304, free 93813688, used 172524616, increment 0
Initial loss: 7.664346632098617
Initial test loss: 7.664346632098617
60: time = 0.050000 loss = 7.662645 testLoss 7.647171
Res.gain: 0.0017019658671868498
Jackknife: only bio4
Making features
makeFeatures: max memory 477626368, total allocated 266338304, free 93813688, used 172524616, increment 0
species_2 bio4: 
Regularization values: linear/quadratic/product: 0.050, categorical: 0.250, threshold: 1.000, hinge: 0.500
195 samples
Density: max memory 477626368, total allocated 266338304, free 93813688, used 172524616, increment 0
linearPredictor: max memory 477626368, total allocated 266338304, free 93813688, used 172524616, increment 0
FeaturedSpace: max memory 477626368, total allocated 266338304, free 93813688, used 172524616, increment 0
Sequential: max memory 477626368, total allocated 266338304, free 93813688, used 172524616, increment 0
Initial loss: 7.664346632098617
Initial test loss: 7.664346632098617
120: time = 0.050000 loss = 7.658318 testLoss 7.668628
Res.gain: 0.006028499161829792
Jackknife: only gpw2000_30_sec
Making features
makeFeatures: max memory 477626368, total allocated 266338304, free 91011624, used 175326680, increment 2802064
species_2 gpw2000_30_sec: 
Regularization values: linear/quadratic/product: 0.050, categorical: 0.250, threshold: 1.000, hinge: 0.500
195 samples
Density: max memory 477626368, total allocated 266338304, free 91011624, used 175326680, increment 0
linearPredictor: max memory 477626368, total allocated 266338304, free 91011624, used 175326680, increment 0
FeaturedSpace: max memory 477626368, total allocated 266338304, free 91011624, used 175326680, increment 0
Sequential: max memory 477626368, total allocated 266338304, free 91011624, used 175326680, increment 0
Initial loss: 7.664346632098617
Initial test loss: 7.664346632098617
120: time = 0.062000 loss = 7.639816 testLoss 7.626911
Res.gain: 0.02453090771948485
Jackknife: only simplelc2000
Making features
makeFeatures: max memory 477626368, total allocated 266338304, free 91011624, used 175326680, increment 0
species_2 simplelc2000: 
Regularization values: linear/quadratic/product: 0.050, categorical: 0.250, threshold: 1.000, hinge: 0.500
195 samples
Density: max memory 477626368, total allocated 266338304, free 91011624, used 175326680, increment 0
linearPredictor: max memory 477626368, total allocated 266338304, free 91011624, used 175326680, increment 0
Deactivating (simplelc2000=6.0)
FeaturedSpace: max memory 477626368, total allocated 266338304, free 91011624, used 175326680, increment 0
Sequential: max memory 477626368, total allocated 266338304, free 91011624, used 175326680, increment 0
Initial loss: 7.664346632098617
Initial test loss: 7.664346632098617
80: time = 0.030000 loss = 7.642632 testLoss 7.607676
Res.gain: 0.021714208962692716
getSamples: max memory 477626368, total allocated 266338304, free 84813912, used 181524392, increment 6197712
Making features
makeFeatures: max memory 477626368, total allocated 266338304, free 84813912, used 181524392, increment 0
species_3: 
Regularization values: linear/quadratic/product: 0.050, categorical: 0.250, threshold: 1.000, hinge: 0.500
195 samples
Density: max memory 477626368, total allocated 266338304, free 84813912, used 181524392, increment 0
linearPredictor: max memory 477626368, total allocated 266338304, free 84813912, used 181524392, increment 0
FeaturedSpace: max memory 477626368, total allocated 266338304, free 84813912, used 181524392, increment 0
Sequential: max memory 477626368, total allocated 266338304, free 84813912, used 181524392, increment 0
Initial loss: 7.666221925662725
Initial test loss: 7.666221925662725
240: time = 0.111000 loss = 7.614604 testLoss 7.645241
Resulting gain: 0.05161820926459271
Time since start: 6.389
Projecting...
Writing file MaxEntOutput\Anaesthetics_simplelandcover\species_3.csv
species_3 response curves
Response curve: only bio16
Making features
makeFeatures: max memory 477626368, total allocated 266338304, free 55517952, used 210820352, increment 29295960
species_3 bio16: 
Regularization values: linear/quadratic/product: 0.050, categorical: 0.250, threshold: 1.000, hinge: 0.500
195 samples
Density: max memory 477626368, total allocated 266338304, free 55517952, used 210820352, increment 0
linearPredictor: max memory 477626368, total allocated 266338304, free 55517952, used 210820352, increment 0
FeaturedSpace: max memory 477626368, total allocated 266338304, free 55517952, used 210820352, increment 0
Sequential: max memory 477626368, total allocated 266338304, free 55517952, used 210820352, increment 0
Initial loss: 7.666221925662725
60: time = 0.062000 loss = 7.655664
Resulting gain: 0.010557548783645565
species_3 response curves
Response curve: only bio4
Making features
makeFeatures: max memory 477626368, total allocated 266338304, free 51753488, used 214584816, increment 3764464
species_3 bio4: 
Regularization values: linear/quadratic/product: 0.050, categorical: 0.250, threshold: 1.000, hinge: 0.500
195 samples
Density: max memory 477626368, total allocated 266338304, free 51753488, used 214584816, increment 0
linearPredictor: max memory 477626368, total allocated 266338304, free 51753488, used 214584816, increment 0
FeaturedSpace: max memory 477626368, total allocated 266338304, free 51753488, used 214584816, increment 0
Sequential: max memory 477626368, total allocated 266338304, free 51753488, used 214584816, increment 0
Initial loss: 7.666221925662725
60: time = 0.056000 loss = 7.656123
Resulting gain: 0.010099387930146975
species_3 response curves
Response curve: only gpw2000_30_sec
Making features
makeFeatures: max memory 477626368, total allocated 266338304, free 47989024, used 218349280, increment 3764464
species_3 gpw2000_30_sec: 
Regularization values: linear/quadratic/product: 0.050, categorical: 0.250, threshold: 1.000, hinge: 0.500
195 samples
Density: max memory 477626368, total allocated 266338304, free 47989024, used 218349280, increment 0
linearPredictor: max memory 477626368, total allocated 266338304, free 47989024, used 218349280, increment 0
FeaturedSpace: max memory 477626368, total allocated 266338304, free 47989024, used 218349280, increment 0
Sequential: max memory 477626368, total allocated 266338304, free 47989024, used 218349280, increment 0
Initial loss: 7.666221925662725
120: time = 0.075000 loss = 7.638473
Resulting gain: 0.027749014185890708
species_3 response curves
Response curve: only simplelc2000
Making features
makeFeatures: max memory 477626368, total allocated 266338304, free 42366144, used 223972160, increment 5622880
species_3 simplelc2000: 
Regularization values: linear/quadratic/product: 0.050, categorical: 0.250, threshold: 1.000, hinge: 0.500
195 samples
Density: max memory 477626368, total allocated 266338304, free 42366144, used 223972160, increment 0
linearPredictor: max memory 477626368, total allocated 266338304, free 42366144, used 223972160, increment 0
FeaturedSpace: max memory 477626368, total allocated 266338304, free 42366144, used 223972160, increment 0
Sequential: max memory 477626368, total allocated 266338304, free 42366144, used 223972160, increment 0
Initial loss: 7.666221925662725
80: time = 0.030000 loss = 7.639085
Resulting gain: 0.02713704109098103
species_3 response curves
Jackknife: leave bio16 out
Making features
makeFeatures: max memory 477626368, total allocated 266338304, free 33957376, used 232380928, increment 8408768
species_3 bio16: 
Regularization values: linear/quadratic/product: 0.050, categorical: 0.250, threshold: 1.000, hinge: 0.500
195 samples
Density: max memory 477626368, total allocated 266338304, free 33957376, used 232380928, increment 0
linearPredictor: max memory 477626368, total allocated 266338304, free 33957376, used 232380928, increment 0
FeaturedSpace: max memory 477626368, total allocated 266338304, free 33957376, used 232380928, increment 0
Sequential: max memory 477626368, total allocated 266338304, free 33957376, used 232380928, increment 0
Initial loss: 7.666221925662725
Initial test loss: 7.666221925662725
140: time = 0.066000 loss = 7.624396 testLoss 7.628535
Jackknife: leave bio4 out
Making features
makeFeatures: max memory 477626368, total allocated 266338304, free 33957376, used 232380928, increment 0
species_3 bio4: 
Regularization values: linear/quadratic/product: 0.050, categorical: 0.250, threshold: 1.000, hinge: 0.500
195 samples
Density: max memory 477626368, total allocated 266338304, free 33957376, used 232380928, increment 0
linearPredictor: max memory 477626368, total allocated 266338304, free 33957376, used 232380928, increment 0
FeaturedSpace: max memory 477626368, total allocated 266338304, free 33957376, used 232380928, increment 0
Sequential: max memory 477626368, total allocated 266338304, free 33957376, used 232380928, increment 0
Initial loss: 7.666221925662725
Initial test loss: 7.666221925662725
Time since start: 7.422
140: time = 0.071000 loss = 7.617235 testLoss 7.638415
Jackknife: leave gpw2000_30_sec out
Making features
makeFeatures: max memory 477626368, total allocated 266338304, free 33957376, used 232380928, increment 0
species_3 gpw2000_30_sec: 
Regularization values: linear/quadratic/product: 0.050, categorical: 0.250, threshold: 1.000, hinge: 0.500
195 samples
Density: max memory 477626368, total allocated 266338304, free 33957376, used 232380928, increment 0
linearPredictor: max memory 477626368, total allocated 266338304, free 33957376, used 232380928, increment 0
FeaturedSpace: max memory 477626368, total allocated 266338304, free 33957376, used 232380928, increment 0
Sequential: max memory 477626368, total allocated 266338304, free 33957376, used 232380928, increment 0
Initial loss: 7.666221925662725
Initial test loss: 7.666221925662725
140: time = 0.053000 loss = 7.624169 testLoss 7.656786
Jackknife: leave simplelc2000 out
Making features
makeFeatures: max memory 477626368, total allocated 266338304, free 33957376, used 232380928, increment 0
species_3 simplelc2000: 
Regularization values: linear/quadratic/product: 0.050, categorical: 0.250, threshold: 1.000, hinge: 0.500
195 samples
Density: max memory 477626368, total allocated 266338304, free 33957376, used 232380928, increment 0
linearPredictor: max memory 477626368, total allocated 266338304, free 33957376, used 232380928, increment 0
FeaturedSpace: max memory 477626368, total allocated 266338304, free 33957376, used 232380928, increment 0
Sequential: max memory 477626368, total allocated 266338304, free 33957376, used 232380928, increment 0
Initial loss: 7.666221925662725
Initial test loss: 7.666221925662725
300: time = 0.118000 loss = 7.622480 testLoss 7.658451
Jackknife: only bio16
Making features
makeFeatures: max memory 477626368, total allocated 266338304, free 33957376, used 232380928, increment 0
species_3 bio16: 
Regularization values: linear/quadratic/product: 0.050, categorical: 0.250, threshold: 1.000, hinge: 0.500
195 samples
Density: max memory 477626368, total allocated 266338304, free 33957376, used 232380928, increment 0
linearPredictor: max memory 477626368, total allocated 266338304, free 33957376, used 232380928, increment 0
FeaturedSpace: max memory 477626368, total allocated 266338304, free 33957376, used 232380928, increment 0
Sequential: max memory 477626368, total allocated 266338304, free 33957376, used 232380928, increment 0
Initial loss: 7.666221925662725
Initial test loss: 7.666221925662725
60: time = 0.050000 loss = 7.655664 testLoss 7.684250
Res.gain: 0.010557548783645565
Jackknife: only bio4
Making features
makeFeatures: max memory 477626368, total allocated 266338304, free 33957376, used 232380928, increment 0
species_3 bio4: 
Regularization values: linear/quadratic/product: 0.050, categorical: 0.250, threshold: 1.000, hinge: 0.500
195 samples
Density: max memory 477626368, total allocated 266338304, free 33957376, used 232380928, increment 0
linearPredictor: max memory 477626368, total allocated 266338304, free 33957376, used 232380928, increment 0
FeaturedSpace: max memory 477626368, total allocated 266338304, free 33957376, used 232380928, increment 0
Sequential: max memory 477626368, total allocated 266338304, free 33957376, used 232380928, increment 0
Initial loss: 7.666221925662725
Initial test loss: 7.666221925662725
60: time = 0.072000 loss = 7.656123 testLoss 7.687119
Res.gain: 0.010099387930146975
Jackknife: only gpw2000_30_sec
Making features
makeFeatures: max memory 477626368, total allocated 266338304, free 31138248, used 235200056, increment 2819128
species_3 gpw2000_30_sec: 
Regularization values: linear/quadratic/product: 0.050, categorical: 0.250, threshold: 1.000, hinge: 0.500
195 samples
Density: max memory 477626368, total allocated 266338304, free 31138248, used 235200056, increment 0
linearPredictor: max memory 477626368, total allocated 266338304, free 31138248, used 235200056, increment 0
FeaturedSpace: max memory 477626368, total allocated 266338304, free 31138248, used 235200056, increment 0
Sequential: max memory 477626368, total allocated 266338304, free 31138248, used 235200056, increment 0
Initial loss: 7.666221925662725
Initial test loss: 7.666221925662725
120: time = 0.083000 loss = 7.638473 testLoss 7.623976
Res.gain: 0.027749014185890708
Jackknife: only simplelc2000
Making features
makeFeatures: max memory 477626368, total allocated 266338304, free 31138248, used 235200056, increment 0
species_3 simplelc2000: 
Regularization values: linear/quadratic/product: 0.050, categorical: 0.250, threshold: 1.000, hinge: 0.500
195 samples
Density: max memory 477626368, total allocated 266338304, free 31138248, used 235200056, increment 0
linearPredictor: max memory 477626368, total allocated 266338304, free 31138248, used 235200056, increment 0
FeaturedSpace: max memory 477626368, total allocated 266338304, free 31138248, used 235200056, increment 0
Sequential: max memory 477626368, total allocated 266338304, free 31138248, used 235200056, increment 0
Initial loss: 7.666221925662725
Initial test loss: 7.666221925662725
80: time = 0.036000 loss = 7.639085 testLoss 7.624123
Res.gain: 0.02713704109098103
getSamples: max memory 477626368, total allocated 261095424, free 158983792, used 102111632, increment -133088424
Making features
makeFeatures: max memory 477626368, total allocated 261095424, free 158983792, used 102111632, increment 0
species_4: 
Regularization values: linear/quadratic/product: 0.050, categorical: 0.250, threshold: 1.000, hinge: 0.500
196 samples
Density: max memory 477626368, total allocated 261095424, free 158983792, used 102111632, increment 0
linearPredictor: max memory 477626368, total allocated 261095424, free 158983792, used 102111632, increment 0
FeaturedSpace: max memory 477626368, total allocated 261095424, free 158983792, used 102111632, increment 0
Sequential: max memory 477626368, total allocated 261095424, free 158983792, used 102111632, increment 0
Initial loss: 7.664346632098617
Initial test loss: 7.664346632098617
220: time = 0.101000 loss = 7.612322 testLoss 7.641831
Resulting gain: 0.05202433797387673
Projecting...
Writing file MaxEntOutput\Anaesthetics_simplelandcover\species_4.csv
species_4 response curves
Time since start: 8.654
Response curve: only bio16
Making features
makeFeatures: max memory 477626368, total allocated 261095424, free 130217024, used 130878400, increment 28766768
species_4 bio16: 
Regularization values: linear/quadratic/product: 0.050, categorical: 0.250, threshold: 1.000, hinge: 0.500
196 samples
Density: max memory 477626368, total allocated 261095424, free 130217024, used 130878400, increment 0
linearPredictor: max memory 477626368, total allocated 261095424, free 130217024, used 130878400, increment 0
FeaturedSpace: max memory 477626368, total allocated 261095424, free 130217024, used 130878400, increment 0
Sequential: max memory 477626368, total allocated 261095424, free 130217024, used 130878400, increment 0
Initial loss: 7.664346632098617
60: time = 0.047000 loss = 7.659644
Resulting gain: 0.004702453069677759
species_4 response curves
Response curve: only bio4
Making features
makeFeatures: max memory 477626368, total allocated 261095424, free 126519536, used 134575888, increment 3697488
species_4 bio4: 
Regularization values: linear/quadratic/product: 0.050, categorical: 0.250, threshold: 1.000, hinge: 0.500
196 samples
Density: max memory 477626368, total allocated 261095424, free 126519536, used 134575888, increment 0
linearPredictor: max memory 477626368, total allocated 261095424, free 126519536, used 134575888, increment 0
FeaturedSpace: max memory 477626368, total allocated 261095424, free 126519536, used 134575888, increment 0
Sequential: max memory 477626368, total allocated 261095424, free 126519536, used 134575888, increment 0
Initial loss: 7.664346632098617
100: time = 0.089000 loss = 7.655749
Resulting gain: 0.00859734954923308
species_4 response curves
Response curve: only gpw2000_30_sec
Making features
makeFeatures: max memory 477626368, total allocated 261095424, free 121046920, used 140048504, increment 5472616
species_4 gpw2000_30_sec: 
Regularization values: linear/quadratic/product: 0.050, categorical: 0.250, threshold: 1.000, hinge: 0.500
196 samples
Density: max memory 477626368, total allocated 261095424, free 121046920, used 140048504, increment 0
linearPredictor: max memory 477626368, total allocated 261095424, free 121046920, used 140048504, increment 0
FeaturedSpace: max memory 477626368, total allocated 261095424, free 121046920, used 140048504, increment 0
Sequential: max memory 477626368, total allocated 261095424, free 121046920, used 140048504, increment 0
Initial loss: 7.664346632098617
120: time = 0.071000 loss = 7.636843
Resulting gain: 0.02750387262208953
species_4 response curves
Response curve: only simplelc2000
Making features
makeFeatures: max memory 477626368, total allocated 261095424, free 118309448, used 142785976, increment 2737472
species_4 simplelc2000: 
Regularization values: linear/quadratic/product: 0.050, categorical: 0.250, threshold: 1.000, hinge: 0.500
196 samples
Density: max memory 477626368, total allocated 261095424, free 118309448, used 142785976, increment 0
linearPredictor: max memory 477626368, total allocated 261095424, free 118309448, used 142785976, increment 0
FeaturedSpace: max memory 477626368, total allocated 261095424, free 118309448, used 142785976, increment 0
Sequential: max memory 477626368, total allocated 261095424, free 118309448, used 142785976, increment 0
Initial loss: 7.664346632098617
80: time = 0.029000 loss = 7.626216
Resulting gain: 0.03813106360725893
species_4 response curves
Jackknife: leave bio16 out
Making features
makeFeatures: max memory 477626368, total allocated 261095424, free 110085144, used 151010280, increment 8224304
species_4 bio16: 
Regularization values: linear/quadratic/product: 0.050, categorical: 0.250, threshold: 1.000, hinge: 0.500
196 samples
Density: max memory 477626368, total allocated 261095424, free 110085144, used 151010280, increment 0
linearPredictor: max memory 477626368, total allocated 261095424, free 110085144, used 151010280, increment 0
FeaturedSpace: max memory 477626368, total allocated 261095424, free 110085144, used 151010280, increment 0
Sequential: max memory 477626368, total allocated 261095424, free 110085144, used 151010280, increment 0
Initial loss: 7.664346632098617
Initial test loss: 7.664346632098617
140: time = 0.069000 loss = 7.617238 testLoss 7.652459
Jackknife: leave bio4 out
Making features
makeFeatures: max memory 477626368, total allocated 261095424, free 107346776, used 153748648, increment 2738368
species_4 bio4: 
Regularization values: linear/quadratic/product: 0.050, categorical: 0.250, threshold: 1.000, hinge: 0.500
196 samples
Density: max memory 477626368, total allocated 261095424, free 107346776, used 153748648, increment 0
linearPredictor: max memory 477626368, total allocated 261095424, free 107346776, used 153748648, increment 0
FeaturedSpace: max memory 477626368, total allocated 261095424, free 107346776, used 153748648, increment 0
Sequential: max memory 477626368, total allocated 261095424, free 107346776, used 153748648, increment 0
Initial loss: 7.664346632098617
Initial test loss: 7.664346632098617
120: time = 0.068000 loss = 7.614004 testLoss 7.643463
Jackknife: leave gpw2000_30_sec out
Making features
makeFeatures: max memory 477626368, total allocated 261095424, free 107346776, used 153748648, increment 0
species_4 gpw2000_30_sec: 
Regularization values: linear/quadratic/product: 0.050, categorical: 0.250, threshold: 1.000, hinge: 0.500
196 samples
Density: max memory 477626368, total allocated 261095424, free 107346776, used 153748648, increment 0
linearPredictor: max memory 477626368, total allocated 261095424, free 107346776, used 153748648, increment 0
FeaturedSpace: max memory 477626368, total allocated 261095424, free 107346776, used 153748648, increment 0
Sequential: max memory 477626368, total allocated 261095424, free 107346776, used 153748648, increment 0
Initial loss: 7.664346632098617
Initial test loss: 7.664346632098617
160: time = 0.083000 loss = 7.618939 testLoss 7.661715
Jackknife: leave simplelc2000 out
Making features
makeFeatures: max memory 477626368, total allocated 261095424, free 107346776, used 153748648, increment 0
species_4 simplelc2000: 
Regularization values: linear/quadratic/product: 0.050, categorical: 0.250, threshold: 1.000, hinge: 0.500
196 samples
Density: max memory 477626368, total allocated 261095424, free 107346776, used 153748648, increment 0
linearPredictor: max memory 477626368, total allocated 261095424, free 107346776, used 153748648, increment 0
FeaturedSpace: max memory 477626368, total allocated 261095424, free 107346776, used 153748648, increment 0
Sequential: max memory 477626368, total allocated 261095424, free 107346776, used 153748648, increment 0
Initial loss: 7.664346632098617
Initial test loss: 7.664346632098617
240: time = 0.113000 loss = 7.625988 testLoss 7.629076
Jackknife: only bio16
Making features
makeFeatures: max memory 477626368, total allocated 261095424, free 107346776, used 153748648, increment 0
species_4 bio16: 
Regularization values: linear/quadratic/product: 0.050, categorical: 0.250, threshold: 1.000, hinge: 0.500
196 samples
Density: max memory 477626368, total allocated 261095424, free 107346776, used 153748648, increment 0
linearPredictor: max memory 477626368, total allocated 261095424, free 107346776, used 153748648, increment 0
FeaturedSpace: max memory 477626368, total allocated 261095424, free 107346776, used 153748648, increment 0
Sequential: max memory 477626368, total allocated 261095424, free 107346776, used 153748648, increment 0
Initial loss: 7.664346632098617
Initial test loss: 7.664346632098617
60: time = 0.050000 loss = 7.659644 testLoss 7.653361
Res.gain: 0.004702453069677759
Jackknife: only bio4
Making features
makeFeatures: max memory 477626368, total allocated 261095424, free 107346776, used 153748648, increment 0
species_4 bio4: 
Regularization values: linear/quadratic/product: 0.050, categorical: 0.250, threshold: 1.000, hinge: 0.500
196 samples
Density: max memory 477626368, total allocated 261095424, free 107346776, used 153748648, increment 0
linearPredictor: max memory 477626368, total allocated 261095424, free 107346776, used 153748648, increment 0
FeaturedSpace: max memory 477626368, total allocated 261095424, free 107346776, used 153748648, increment 0
Sequential: max memory 477626368, total allocated 261095424, free 107346776, used 153748648, increment 0
Initial loss: 7.664346632098617
Initial test loss: 7.664346632098617
Time since start: 9.695
100: time = 0.083000 loss = 7.655749 testLoss 7.675494
Res.gain: 0.00859734954923308
Jackknife: only gpw2000_30_sec
Making features
makeFeatures: max memory 477626368, total allocated 261095424, free 107346776, used 153748648, increment 0
species_4 gpw2000_30_sec: 
Regularization values: linear/quadratic/product: 0.050, categorical: 0.250, threshold: 1.000, hinge: 0.500
196 samples
Density: max memory 477626368, total allocated 261095424, free 107346776, used 153748648, increment 0
linearPredictor: max memory 477626368, total allocated 261095424, free 107346776, used 153748648, increment 0
FeaturedSpace: max memory 477626368, total allocated 261095424, free 107346776, used 153748648, increment 0
Sequential: max memory 477626368, total allocated 261095424, free 107346776, used 153748648, increment 0
Initial loss: 7.664346632098617
Initial test loss: 7.664346632098617
120: time = 0.071000 loss = 7.636843 testLoss 7.627423
Res.gain: 0.02750387262208953
Jackknife: only simplelc2000
Making features
makeFeatures: max memory 477626368, total allocated 261095424, free 107346776, used 153748648, increment 0
species_4 simplelc2000: 
Regularization values: linear/quadratic/product: 0.050, categorical: 0.250, threshold: 1.000, hinge: 0.500
196 samples
Density: max memory 477626368, total allocated 261095424, free 107346776, used 153748648, increment 0
linearPredictor: max memory 477626368, total allocated 261095424, free 107346776, used 153748648, increment 0
FeaturedSpace: max memory 477626368, total allocated 261095424, free 107346776, used 153748648, increment 0
Sequential: max memory 477626368, total allocated 261095424, free 107346776, used 153748648, increment 0
Initial loss: 7.664346632098617
Initial test loss: 7.664346632098617
80: time = 0.030000 loss = 7.626216 testLoss 7.672589
Res.gain: 0.03813106360725893
Reading file absence
readGrid: max memory 477626368, total allocated 261095424, free 65035776, used 196059648, increment 42311000
Reading file absence
readGrid: max memory 477626368, total allocated 261095424, free 59565592, used 201529832, increment 5470184
Reading file absence
readGrid: max memory 477626368, total allocated 261095424, free 54095432, used 206999992, increment 5470160
Reading file absence
readGrid: max memory 477626368, total allocated 261095424, free 48625272, used 212470152, increment 5470160
Reading file absence
readGrid: max memory 477626368, total allocated 261095424, free 43155104, used 217940320, increment 5470168
Creating average grid, stddev grid etc.
Writing file MaxEntOutput\Anaesthetics_simplelandcover\species_avg.csv
Writing file MaxEntOutput\Anaesthetics_simplelandcover\species_stddev.csv
Writing file MaxEntOutput\Anaesthetics_simplelandcover\species_min.csv
Writing file MaxEntOutput\Anaesthetics_simplelandcover\species_max.csv
Writing file MaxEntOutput\Anaesthetics_simplelandcover\species_median.csv
species average response curves
Time since start: 11.336
Ending
